<?xml version="1.0" encoding="UTF-8"?>
<!-- Generated by org.testng.reporters.JUnitReportReporter -->
<testsuite hostname="IN-CGKRXM3" failures="0" tests="5" name="testRunners.MyTestRunner" time="51.464" errors="0" timestamp="23 Dec 2022 06:47:37 GMT" skipped="0">
  <testcase classname="testRunners.MyTestRunner" name="runScenario" time="15.717"/>
  <testcase classname="testRunners.MyTestRunner" name="runScenario" time="11.918"/>
  <testcase classname="testRunners.MyTestRunner" name="runScenario" time="8.055"/>
  <testcase classname="testRunners.MyTestRunner" name="runScenario" time="7.667"/>
  <testcase classname="testRunners.MyTestRunner" name="runScenario" time="8.107"/>
</testsuite> <!-- testRunners.MyTestRunner -->
